<?xml version="1.0" encoding="UTF-8"?>
<!-- Generated by org.testng.reporters.JUnitXMLReporter -->
<testsuite ignored="1" hostname="LAPTOP-3EBAO0ET" failures="0" tests="1" name="Default test" time="0.131" errors="0" timestamp="2021-05-06T22:25:49 IST">
  <testcase classname="qaclickacademy.RESTAPITest" name="postJira" time="0.021"/>
  <testcase classname="qaclickacademy.RESTAPITest" name="deleteTwitter" time="0.0">
    <ignored/>
  </testcase> <!-- deleteTwitter -->
</testsuite> <!-- Default test -->
