<?xml version="1.0" encoding="UTF-8"?>
<testng-results ignored="0" total="6" passed="6" failed="0" skipped="0">
  <reporter-output>
  </reporter-output>
  <suite started-at="2021-05-05T02:13:36 IST" name="Surefire suite" finished-at="2021-05-05T02:13:37 IST" duration-ms="362">
    <groups>
    </groups>
    <test started-at="2021-05-05T02:13:36 IST" name="Surefire test" finished-at="2021-05-05T02:13:37 IST" duration-ms="362">
      <class name="qaclickacademy.AppiumTest">
        <test-method signature="IOSApps()[pri:0, instance:qaclickacademy.AppiumTest@71a794e5]" started-at="2021-05-05T02:13:36 IST" name="IOSApps" finished-at="2021-05-05T02:13:37 IST" duration-ms="141" status="PASS">
          <reporter-output>
          </reporter-output>
        </test-method> <!-- IOSApps -->
        <test-method signature="NativeAppAndroid()[pri:0, instance:qaclickacademy.AppiumTest@71a794e5]" started-at="2021-05-05T02:13:37 IST" name="NativeAppAndroid" finished-at="2021-05-05T02:13:37 IST" duration-ms="1" status="PASS">
          <reporter-output>
          </reporter-output>
        </test-method> <!-- NativeAppAndroid -->
      </class> <!-- qaclickacademy.AppiumTest -->
      <class name="qaclickacademy.RESTAPITest">
        <test-method signature="deleteTwitter()[pri:0, instance:qaclickacademy.RESTAPITest@76329302]" started-at="2021-05-05T02:13:37 IST" name="deleteTwitter" finished-at="2021-05-05T02:13:37 IST" duration-ms="0" status="PASS">
          <reporter-output>
          </reporter-output>
        </test-method> <!-- deleteTwitter -->
        <test-method signature="postJira()[pri:0, instance:qaclickacademy.RESTAPITest@76329302]" started-at="2021-05-05T02:13:37 IST" name="postJira" finished-at="2021-05-05T02:13:37 IST" duration-ms="1" status="PASS">
          <reporter-output>
          </reporter-output>
        </test-method> <!-- postJira -->
      </class> <!-- qaclickacademy.RESTAPITest -->
      <class name="qaclickacademy.SeleniumTest">
        <test-method signature="BrowserAutomation()[pri:0, instance:qaclickacademy.SeleniumTest@5e25a92e]" started-at="2021-05-05T02:13:37 IST" name="BrowserAutomation" finished-at="2021-05-05T02:13:37 IST" duration-ms="1" status="PASS">
          <reporter-output>
          </reporter-output>
        </test-method> <!-- BrowserAutomation -->
        <test-method signature="elementsUI()[pri:0, instance:qaclickacademy.SeleniumTest@5e25a92e]" started-at="2021-05-05T02:13:37 IST" name="elementsUI" finished-at="2021-05-05T02:13:37 IST" duration-ms="0" status="PASS">
          <reporter-output>
          </reporter-output>
        </test-method> <!-- elementsUI -->
      </class> <!-- qaclickacademy.SeleniumTest -->
    </test> <!-- Surefire test -->
  </suite> <!-- Surefire suite -->
</testng-results>
