<?xml version="1.0" encoding="UTF-8"?>
<testng-results skipped="0" failed="0" ignored="0" total="2" passed="2">
  <reporter-output>
  </reporter-output>
  <suite name="Suite" duration-ms="68" started-at="2021-05-22T23:44:40 IST" finished-at="2021-05-22T23:44:40 IST">
    <groups>
    </groups>
    <test name="Test" duration-ms="68" started-at="2021-05-22T23:44:40 IST" finished-at="2021-05-22T23:44:40 IST">
      <class name="qaclickacademy.AppiumTest">
        <test-method status="PASS" signature="IOSApps()[pri:0, instance:qaclickacademy.AppiumTest@6ddf90b0]" name="IOSApps" duration-ms="6" started-at="2021-05-22T23:44:40 IST" finished-at="2021-05-22T23:44:40 IST">
          <reporter-output>
          </reporter-output>
        </test-method> <!-- IOSApps -->
        <test-method status="PASS" signature="NativeAppAndroid()[pri:0, instance:qaclickacademy.AppiumTest@6ddf90b0]" name="NativeAppAndroid" duration-ms="1" started-at="2021-05-22T23:44:40 IST" finished-at="2021-05-22T23:44:40 IST">
          <reporter-output>
          </reporter-output>
        </test-method> <!-- NativeAppAndroid -->
      </class> <!-- qaclickacademy.AppiumTest -->
    </test> <!-- Test -->
  </suite> <!-- Suite -->
</testng-results>
