<?xml version="1.0" encoding="UTF-8"?>
<testng-results ignored="1" total="2" passed="1" failed="0" skipped="0">
  <reporter-output>
  </reporter-output>
  <suite started-at="2021-05-06T22:25:48 IST" name="Default suite" finished-at="2021-05-06T22:25:49 IST" duration-ms="131">
    <groups>
    </groups>
    <test started-at="2021-05-06T22:25:48 IST" name="Default test" finished-at="2021-05-06T22:25:49 IST" duration-ms="131">
      <class name="qaclickacademy.RESTAPITest">
        <test-method signature="postJira()[pri:0, instance:qaclickacademy.RESTAPITest@a2431d0]" started-at="2021-05-06T22:25:49 IST" name="postJira" finished-at="2021-05-06T22:25:49 IST" duration-ms="21" status="PASS">
          <reporter-output>
          </reporter-output>
        </test-method> <!-- postJira -->
      </class> <!-- qaclickacademy.RESTAPITest -->
    </test> <!-- Default test -->
  </suite> <!-- Default suite -->
</testng-results>
